<?xml version="1.0" encoding="UTF-8"?>
<testng-results skipped="0" failed="0" ignored="0" total="1" passed="1">
  <reporter-output>
  </reporter-output>
  <suite name="Default suite" duration-ms="8433" started-at="2018-02-28T23:45:14Z" finished-at="2018-02-28T23:45:22Z">
    <groups>
    </groups>
    <test name="Default test" duration-ms="8433" started-at="2018-02-28T23:45:14Z" finished-at="2018-02-28T23:45:22Z">
      <class name="com.tests.DropDownLists">
        <test-method status="PASS" signature="setUp()[pri:0, instance:com.tests.DropDownLists@5c7fa833]" name="setUp" is-config="true" duration-ms="6928" started-at="2018-02-28T23:45:14Z" finished-at="2018-02-28T23:45:21Z">
          <reporter-output>
          </reporter-output>
        </test-method> <!-- setUp -->
        <test-method status="PASS" signature="test()[pri:0, instance:com.tests.DropDownLists@5c7fa833]" name="test" duration-ms="829" started-at="2018-02-28T23:45:21Z" finished-at="2018-02-28T23:45:21Z">
          <reporter-output>
          </reporter-output>
        </test-method> <!-- test -->
        <test-method status="PASS" signature="tearDown()[pri:0, instance:com.tests.DropDownLists@5c7fa833]" name="tearDown" is-config="true" duration-ms="648" started-at="2018-02-28T23:45:21Z" finished-at="2018-02-28T23:45:22Z">
          <reporter-output>
          </reporter-output>
        </test-method> <!-- tearDown -->
      </class> <!-- com.tests.DropDownLists -->
    </test> <!-- Default test -->
  </suite> <!-- Default suite -->
</testng-results>
